{
  "0 debug pnpm:scope": {
    "selected": 1
  },
  "1 debug pnpm:package-manifest": {
    "initial": {
      "name": "readt-dd",
      "version": "0.1.0",
      "private": true,
      "dependencies": {
        "@ant-design/icons": "^4.6.2",
        "@craco/craco": "^6.1.2",
        "@testing-library/jest-dom": "^5.11.4",
        "@testing-library/react": "^11.1.0",
        "@testing-library/user-event": "^12.1.10",
        "antd": "^4.16.2",
        "axios": "^0.21.1",
        "babel-plugin-import": "^1.13.3",
        "classnames": "^2.3.1",
        "craco-less": "^1.17.1",
        "crypto-js": "^4.0.0",
        "dayjs": "^1.10.5",
        "http-proxy-middleware": "^2.0.0",
        "normalize.css": "^8.0.1",
        "qs": "^6.10.1",
        "react": "^17.0.2",
        "react-cookies": "^0.1.1",
        "react-dom": "^17.0.2",
        "react-redux": "^7.2.4",
        "react-router-dom": "^5.2.0",
        "react-scripts": "4.0.3",
        "react-vcode": "^1.0.11",
        "redux": "^4.1.0",
        "redux-thunk": "^2.3.0",
        "styled-components": "^5.3.0",
        "web-vitals": "^1.0.1"
      },
      "scripts": {
        "dev": "craco start",
        "build": "craco build",
        "test": "craco test",
        "eject": "craco eject"
      },
      "eslintConfig": {
        "extends": [
          "react-app",
          "react-app/jest"
        ]
      },
      "browserslist": {
        "production": [
          ">0.2%",
          "not dead",
          "not op_mini all"
        ],
        "development": [
          "last 1 chrome version",
          "last 1 firefox version",
          "last 1 safari version"
        ]
      }
    },
    "prefix": "C:\\Users\\dylan\\Desktop\\my\\react-ams"
  },
  "2 warn pnpm:lockfile": {
    "message": "Your pnpm-lock.yaml was generated by a newer version of pnpm. It is a compatible version but it might get downgraded to version 5.2",
    "prefix": "C:\\Users\\dylan\\Desktop\\my\\react-ams"
  },
  "3 debug pnpm:context": {
    "currentLockfileExists": false,
    "storeDir": "C:\\Users\\dylan\\.pnpm-store\\v3",
    "virtualStoreDir": "C:\\Users\\dylan\\Desktop\\my\\react-ams\\node_modules\\.pnpm"
  },
  "4 debug pnpm:stage": {
    "prefix": "C:\\Users\\dylan\\Desktop\\my\\react-ams",
    "stage": "resolution_started"
  },
  "5 debug pnpm:_dependency_resolved": {
    "resolution": "registry.npm.taobao.org/@ant-design/icons/4.6.2",
    "wanted": {
      "dependentId": ".",
      "name": "@ant-design/icons",
      "rawSpec": "^4.6.2"
    }
  },
  "6 debug pnpm:_dependency_resolved": {
    "resolution": "registry.npm.taobao.org/@craco/craco/6.1.2",
    "wanted": {
      "dependentId": ".",
      "name": "@craco/craco",
      "rawSpec": "^6.1.2"
    }
  },
  "7 debug pnpm:_dependency_resolved": {
    "resolution": "registry.npm.taobao.org/@testing-library/jest-dom/5.13.0",
    "wanted": {
      "dependentId": ".",
      "name": "@testing-library/jest-dom",
      "rawSpec": "^5.11.4"
    }
  },
  "8 debug pnpm:_dependency_resolved": {
    "resolution": "registry.npm.taobao.org/@testing-library/react/11.2.7",
    "wanted": {
      "dependentId": ".",
      "name": "@testing-library/react",
      "rawSpec": "^11.1.0"
    }
  },
  "9 debug pnpm:_dependency_resolved": {
    "resolution": "registry.npm.taobao.org/@testing-library/user-event/12.8.3",
    "wanted": {
      "dependentId": ".",
      "name": "@testing-library/user-event",
      "rawSpec": "^12.1.10"
    }
  },
  "10 debug pnpm:_dependency_resolved": {
    "resolution": "registry.npm.taobao.org/antd/4.16.2",
    "wanted": {
      "dependentId": ".",
      "name": "antd",
      "rawSpec": "^4.16.2"
    }
  },
  "11 debug pnpm:_dependency_resolved": {
    "resolution": "registry.npm.taobao.org/axios/0.21.1",
    "wanted": {
      "dependentId": ".",
      "name": "axios",
      "rawSpec": "^0.21.1"
    }
  },
  "12 debug pnpm:_dependency_resolved": {
    "resolution": "registry.npm.taobao.org/babel-plugin-import/1.13.3",
    "wanted": {
      "dependentId": ".",
      "name": "babel-plugin-import",
      "rawSpec": "^1.13.3"
    }
  },
  "13 debug pnpm:_dependency_resolved": {
    "resolution": "registry.npm.taobao.org/classnames/2.3.1",
    "wanted": {
      "dependentId": ".",
      "name": "classnames",
      "rawSpec": "^2.3.1"
    }
  },
  "14 debug pnpm:_dependency_resolved": {
    "resolution": "registry.npm.taobao.org/craco-less/1.17.1",
    "wanted": {
      "dependentId": ".",
      "name": "craco-less",
      "rawSpec": "^1.17.1"
    }
  },
  "15 debug pnpm:_dependency_resolved": {
    "resolution": "registry.npm.taobao.org/crypto-js/4.0.0",
    "wanted": {
      "dependentId": ".",
      "name": "crypto-js",
      "rawSpec": "^4.0.0"
    }
  },
  "16 debug pnpm:_dependency_resolved": {
    "resolution": "registry.npm.taobao.org/dayjs/1.10.5",
    "wanted": {
      "dependentId": ".",
      "name": "dayjs",
      "rawSpec": "^1.10.5"
    }
  },
  "17 debug pnpm:_dependency_resolved": {
    "resolution": "registry.npm.taobao.org/http-proxy-middleware/2.0.0",
    "wanted": {
      "dependentId": ".",
      "name": "http-proxy-middleware",
      "rawSpec": "^2.0.0"
    }
  },
  "18 debug pnpm:_dependency_resolved": {
    "resolution": "registry.npm.taobao.org/normalize.css/8.0.1",
    "wanted": {
      "dependentId": ".",
      "name": "normalize.css",
      "rawSpec": "^8.0.1"
    }
  },
  "19 debug pnpm:_dependency_resolved": {
    "resolution": "registry.npm.taobao.org/qs/6.10.1",
    "wanted": {
      "dependentId": ".",
      "name": "qs",
      "rawSpec": "^6.10.1"
    }
  },
  "20 debug pnpm:_dependency_resolved": {
    "resolution": "registry.npm.taobao.org/react/17.0.2",
    "wanted": {
      "dependentId": ".",
      "name": "react",
      "rawSpec": "^17.0.2"
    }
  },
  "21 debug pnpm:_dependency_resolved": {
    "resolution": "registry.npm.taobao.org/react-cookies/0.1.1",
    "wanted": {
      "dependentId": ".",
      "name": "react-cookies",
      "rawSpec": "^0.1.1"
    }
  },
  "22 debug pnpm:_dependency_resolved": {
    "resolution": "registry.npm.taobao.org/react-dom/17.0.2",
    "wanted": {
      "dependentId": ".",
      "name": "react-dom",
      "rawSpec": "^17.0.2"
    }
  },
  "23 debug pnpm:_dependency_resolved": {
    "resolution": "registry.npm.taobao.org/react-redux/7.2.4",
    "wanted": {
      "dependentId": ".",
      "name": "react-redux",
      "rawSpec": "^7.2.4"
    }
  },
  "24 debug pnpm:_dependency_resolved": {
    "resolution": "registry.npm.taobao.org/react-router-dom/5.2.0",
    "wanted": {
      "dependentId": ".",
      "name": "react-router-dom",
      "rawSpec": "^5.2.0"
    }
  },
  "25 debug pnpm:_dependency_resolved": {
    "resolution": "registry.npm.taobao.org/react-scripts/4.0.3",
    "wanted": {
      "dependentId": ".",
      "name": "react-scripts",
      "rawSpec": "4.0.3"
    }
  },
  "26 debug pnpm:_dependency_resolved": {
    "resolution": "registry.npm.taobao.org/react-vcode/1.0.11",
    "wanted": {
      "dependentId": ".",
      "name": "react-vcode",
      "rawSpec": "^1.0.11"
    }
  },
  "27 debug pnpm:_dependency_resolved": {
    "resolution": "registry.npm.taobao.org/redux/4.1.0",
    "wanted": {
      "dependentId": ".",
      "name": "redux",
      "rawSpec": "^4.1.0"
    }
  },
  "28 debug pnpm:_dependency_resolved": {
    "resolution": "registry.npm.taobao.org/redux-thunk/2.3.0",
    "wanted": {
      "dependentId": ".",
      "name": "redux-thunk",
      "rawSpec": "^2.3.0"
    }
  },
  "29 debug pnpm:_dependency_resolved": {
    "resolution": "registry.npm.taobao.org/styled-components/5.3.0",
    "wanted": {
      "dependentId": ".",
      "name": "styled-components",
      "rawSpec": "^5.3.0"
    }
  },
  "30 debug pnpm:_dependency_resolved": {
    "resolution": "registry.npm.taobao.org/web-vitals/1.1.2",
    "wanted": {
      "dependentId": ".",
      "name": "web-vitals",
      "rawSpec": "^1.0.1"
    }
  },
  "31 debug pnpm:progress": {
    "packageId": "registry.npm.taobao.org/axios/0.21.1",
    "requester": "C:\\Users\\dylan\\Desktop\\my\\react-ams",
    "status": "resolved"
  },
  "32 debug pnpm:progress": {
    "packageId": "registry.npm.taobao.org/axios/0.21.1",
    "requester": "C:\\Users\\dylan\\Desktop\\my\\react-ams",
    "status": "found_in_store"
  },
  "33 debug pnpm:progress": {
    "packageId": "registry.npm.taobao.org/babel-plugin-import/1.13.3",
    "requester": "C:\\Users\\dylan\\Desktop\\my\\react-ams",
    "status": "resolved"
  },
  "34 debug pnpm:progress": {
    "packageId": "registry.npm.taobao.org/babel-plugin-import/1.13.3",
    "requester": "C:\\Users\\dylan\\Desktop\\my\\react-ams",
    "status": "found_in_store"
  },
  "35 debug pnpm:progress": {
    "packageId": "registry.npm.taobao.org/craco-less/1.17.1",
    "requester": "C:\\Users\\dylan\\Desktop\\my\\react-ams",
    "status": "resolved"
  },
  "36 debug pnpm:progress": {
    "packageId": "registry.npm.taobao.org/craco-less/1.17.1",
    "requester": "C:\\Users\\dylan\\Desktop\\my\\react-ams",
    "status": "found_in_store"
  },
  "37 debug pnpm:progress": {
    "packageId": "registry.npm.taobao.org/crypto-js/4.0.0",
    "requester": "C:\\Users\\dylan\\Desktop\\my\\react-ams",
    "status": "resolved"
  },
  "38 debug pnpm:progress": {
    "packageId": "registry.npm.taobao.org/crypto-js/4.0.0",
    "requester": "C:\\Users\\dylan\\Desktop\\my\\react-ams",
    "status": "found_in_store"
  },
  "39 debug pnpm:progress": {
    "packageId": "registry.npm.taobao.org/classnames/2.3.1",
    "requester": "C:\\Users\\dylan\\Desktop\\my\\react-ams",
    "status": "resolved"
  },
  "40 debug pnpm:progress": {
    "packageId": "registry.npm.taobao.org/classnames/2.3.1",
    "requester": "C:\\Users\\dylan\\Desktop\\my\\react-ams",
    "status": "found_in_store"
  },
  "41 debug pnpm:progress": {
    "packageId": "registry.npm.taobao.org/http-proxy-middleware/2.0.0",
    "requester": "C:\\Users\\dylan\\Desktop\\my\\react-ams",
    "status": "resolved"
  },
  "42 debug pnpm:progress": {
    "packageId": "registry.npm.taobao.org/http-proxy-middleware/2.0.0",
    "requester": "C:\\Users\\dylan\\Desktop\\my\\react-ams",
    "status": "found_in_store"
  },
  "43 debug pnpm:request-retry": {
    "attempt": 1,
    "error": {
      "code": "ERR_PNPM_FETCH_404",
      "hint": "No authorization header was set for the request.",
      "attempts": 1,
      "request": {
        "url": "https://registry.npm.taobao.org/@craco/craco/-/craco-6.1.2.tgz"
      },
      "response": {
        "size": 0,
        "timeout": 0
      },
      "resource": "https://registry.npm.taobao.org/@craco/craco/-/craco-6.1.2.tgz"
    },
    "maxRetries": 2,
    "method": "GET",
    "timeout": 10000,
    "url": "https://registry.npm.taobao.org/@craco/craco/-/craco-6.1.2.tgz"
  },
  "44 debug pnpm:request-retry": {
    "attempt": 1,
    "error": {
      "code": "ERR_PNPM_FETCH_404",
      "hint": "No authorization header was set for the request.",
      "attempts": 1,
      "request": {
        "url": "https://registry.npm.taobao.org/@ant-design/icons/-/icons-4.6.2.tgz"
      },
      "response": {
        "size": 0,
        "timeout": 0
      },
      "resource": "https://registry.npm.taobao.org/@ant-design/icons/-/icons-4.6.2.tgz"
    },
    "maxRetries": 2,
    "method": "GET",
    "timeout": 10000,
    "url": "https://registry.npm.taobao.org/@ant-design/icons/-/icons-4.6.2.tgz"
  },
  "45 debug pnpm:request-retry": {
    "attempt": 1,
    "error": {
      "code": "ERR_PNPM_FETCH_404",
      "hint": "No authorization header was set for the request.",
      "attempts": 1,
      "request": {
        "url": "https://registry.npm.taobao.org/@testing-library/react/-/react-11.2.7.tgz"
      },
      "response": {
        "size": 0,
        "timeout": 0
      },
      "resource": "https://registry.npm.taobao.org/@testing-library/react/-/react-11.2.7.tgz"
    },
    "maxRetries": 2,
    "method": "GET",
    "timeout": 10000,
    "url": "https://registry.npm.taobao.org/@testing-library/react/-/react-11.2.7.tgz"
  },
  "46 debug pnpm:request-retry": {
    "attempt": 1,
    "error": {
      "code": "ERR_PNPM_FETCH_404",
      "hint": "No authorization header was set for the request.",
      "attempts": 1,
      "request": {
        "url": "https://registry.npm.taobao.org/@testing-library/jest-dom/-/jest-dom-5.13.0.tgz"
      },
      "response": {
        "size": 0,
        "timeout": 0
      },
      "resource": "https://registry.npm.taobao.org/@testing-library/jest-dom/-/jest-dom-5.13.0.tgz"
    },
    "maxRetries": 2,
    "method": "GET",
    "timeout": 10000,
    "url": "https://registry.npm.taobao.org/@testing-library/jest-dom/-/jest-dom-5.13.0.tgz"
  },
  "47 debug pnpm:request-retry": {
    "attempt": 1,
    "error": {
      "code": "ERR_PNPM_FETCH_404",
      "hint": "No authorization header was set for the request.",
      "attempts": 1,
      "request": {
        "url": "https://registry.npm.taobao.org/@testing-library/user-event/-/user-event-12.8.3.tgz"
      },
      "response": {
        "size": 0,
        "timeout": 0
      },
      "resource": "https://registry.npm.taobao.org/@testing-library/user-event/-/user-event-12.8.3.tgz"
    },
    "maxRetries": 2,
    "method": "GET",
    "timeout": 10000,
    "url": "https://registry.npm.taobao.org/@testing-library/user-event/-/user-event-12.8.3.tgz"
  },
  "48 debug pnpm:progress": {
    "packageId": "registry.npm.taobao.org/dayjs/1.10.5",
    "requester": "C:\\Users\\dylan\\Desktop\\my\\react-ams",
    "status": "resolved"
  },
  "49 debug pnpm:progress": {
    "packageId": "registry.npm.taobao.org/dayjs/1.10.5",
    "requester": "C:\\Users\\dylan\\Desktop\\my\\react-ams",
    "status": "found_in_store"
  },
  "50 debug pnpm:progress": {
    "packageId": "registry.npm.taobao.org/normalize.css/8.0.1",
    "requester": "C:\\Users\\dylan\\Desktop\\my\\react-ams",
    "status": "resolved"
  },
  "51 debug pnpm:progress": {
    "packageId": "registry.npm.taobao.org/normalize.css/8.0.1",
    "requester": "C:\\Users\\dylan\\Desktop\\my\\react-ams",
    "status": "found_in_store"
  },
  "52 debug pnpm:progress": {
    "packageId": "registry.npm.taobao.org/qs/6.10.1",
    "requester": "C:\\Users\\dylan\\Desktop\\my\\react-ams",
    "status": "resolved"
  },
  "53 debug pnpm:progress": {
    "packageId": "registry.npm.taobao.org/qs/6.10.1",
    "requester": "C:\\Users\\dylan\\Desktop\\my\\react-ams",
    "status": "found_in_store"
  },
  "54 debug pnpm:progress": {
    "packageId": "registry.npm.taobao.org/react-dom/17.0.2",
    "requester": "C:\\Users\\dylan\\Desktop\\my\\react-ams",
    "status": "resolved"
  },
  "55 debug pnpm:progress": {
    "packageId": "registry.npm.taobao.org/react-dom/17.0.2",
    "requester": "C:\\Users\\dylan\\Desktop\\my\\react-ams",
    "status": "found_in_store"
  },
  "56 debug pnpm:progress": {
    "packageId": "registry.npm.taobao.org/react/17.0.2",
    "requester": "C:\\Users\\dylan\\Desktop\\my\\react-ams",
    "status": "resolved"
  },
  "57 debug pnpm:progress": {
    "packageId": "registry.npm.taobao.org/react/17.0.2",
    "requester": "C:\\Users\\dylan\\Desktop\\my\\react-ams",
    "status": "found_in_store"
  },
  "58 debug pnpm:progress": {
    "packageId": "registry.npm.taobao.org/react-cookies/0.1.1",
    "requester": "C:\\Users\\dylan\\Desktop\\my\\react-ams",
    "status": "resolved"
  },
  "59 debug pnpm:progress": {
    "packageId": "registry.npm.taobao.org/react-cookies/0.1.1",
    "requester": "C:\\Users\\dylan\\Desktop\\my\\react-ams",
    "status": "found_in_store"
  },
  "60 debug pnpm:progress": {
    "packageId": "registry.npm.taobao.org/react-router-dom/5.2.0",
    "requester": "C:\\Users\\dylan\\Desktop\\my\\react-ams",
    "status": "resolved"
  },
  "61 debug pnpm:progress": {
    "packageId": "registry.npm.taobao.org/react-router-dom/5.2.0",
    "requester": "C:\\Users\\dylan\\Desktop\\my\\react-ams",
    "status": "found_in_store"
  },
  "62 debug pnpm:progress": {
    "packageId": "registry.npm.taobao.org/react-redux/7.2.4",
    "requester": "C:\\Users\\dylan\\Desktop\\my\\react-ams",
    "status": "resolved"
  },
  "63 debug pnpm:progress": {
    "packageId": "registry.npm.taobao.org/react-redux/7.2.4",
    "requester": "C:\\Users\\dylan\\Desktop\\my\\react-ams",
    "status": "found_in_store"
  },
  "64 debug pnpm:progress": {
    "packageId": "registry.npm.taobao.org/redux/4.1.0",
    "requester": "C:\\Users\\dylan\\Desktop\\my\\react-ams",
    "status": "resolved"
  },
  "65 debug pnpm:progress": {
    "packageId": "registry.npm.taobao.org/redux/4.1.0",
    "requester": "C:\\Users\\dylan\\Desktop\\my\\react-ams",
    "status": "found_in_store"
  },
  "66 debug pnpm:progress": {
    "packageId": "registry.npm.taobao.org/react-scripts/4.0.3",
    "requester": "C:\\Users\\dylan\\Desktop\\my\\react-ams",
    "status": "resolved"
  },
  "67 debug pnpm:progress": {
    "packageId": "registry.npm.taobao.org/react-scripts/4.0.3",
    "requester": "C:\\Users\\dylan\\Desktop\\my\\react-ams",
    "status": "found_in_store"
  },
  "68 debug pnpm:progress": {
    "packageId": "registry.npm.taobao.org/react-vcode/1.0.11",
    "requester": "C:\\Users\\dylan\\Desktop\\my\\react-ams",
    "status": "resolved"
  },
  "69 debug pnpm:progress": {
    "packageId": "registry.npm.taobao.org/react-vcode/1.0.11",
    "requester": "C:\\Users\\dylan\\Desktop\\my\\react-ams",
    "status": "found_in_store"
  },
  "70 debug pnpm:progress": {
    "packageId": "registry.npm.taobao.org/redux-thunk/2.3.0",
    "requester": "C:\\Users\\dylan\\Desktop\\my\\react-ams",
    "status": "resolved"
  },
  "71 debug pnpm:progress": {
    "packageId": "registry.npm.taobao.org/redux-thunk/2.3.0",
    "requester": "C:\\Users\\dylan\\Desktop\\my\\react-ams",
    "status": "found_in_store"
  },
  "72 debug pnpm:progress": {
    "packageId": "registry.npm.taobao.org/web-vitals/1.1.2",
    "requester": "C:\\Users\\dylan\\Desktop\\my\\react-ams",
    "status": "resolved"
  },
  "73 debug pnpm:progress": {
    "packageId": "registry.npm.taobao.org/web-vitals/1.1.2",
    "requester": "C:\\Users\\dylan\\Desktop\\my\\react-ams",
    "status": "found_in_store"
  },
  "74 debug pnpm:progress": {
    "packageId": "registry.npm.taobao.org/styled-components/5.3.0",
    "requester": "C:\\Users\\dylan\\Desktop\\my\\react-ams",
    "status": "resolved"
  },
  "75 debug pnpm:progress": {
    "packageId": "registry.npm.taobao.org/styled-components/5.3.0",
    "requester": "C:\\Users\\dylan\\Desktop\\my\\react-ams",
    "status": "found_in_store"
  },
  "76 debug pnpm:progress": {
    "packageId": "registry.npm.taobao.org/antd/4.16.2",
    "requester": "C:\\Users\\dylan\\Desktop\\my\\react-ams",
    "status": "resolved"
  },
  "77 debug pnpm:progress": {
    "packageId": "registry.npm.taobao.org/antd/4.16.2",
    "requester": "C:\\Users\\dylan\\Desktop\\my\\react-ams",
    "status": "found_in_store"
  },
  "78 debug pnpm:request-retry": {
    "attempt": 2,
    "error": {
      "code": "ERR_PNPM_FETCH_404",
      "hint": "No authorization header was set for the request.",
      "attempts": 2,
      "request": {
        "url": "https://registry.npm.taobao.org/@testing-library/react/-/react-11.2.7.tgz"
      },
      "response": {
        "size": 0,
        "timeout": 0
      },
      "resource": "https://registry.npm.taobao.org/@testing-library/react/-/react-11.2.7.tgz"
    },
    "maxRetries": 2,
    "method": "GET",
    "timeout": 60000,
    "url": "https://registry.npm.taobao.org/@testing-library/react/-/react-11.2.7.tgz"
  },
  "79 debug pnpm:request-retry": {
    "attempt": 2,
    "error": {
      "code": "ERR_PNPM_FETCH_404",
      "hint": "No authorization header was set for the request.",
      "attempts": 2,
      "request": {
        "url": "https://registry.npm.taobao.org/@craco/craco/-/craco-6.1.2.tgz"
      },
      "response": {
        "size": 0,
        "timeout": 0
      },
      "resource": "https://registry.npm.taobao.org/@craco/craco/-/craco-6.1.2.tgz"
    },
    "maxRetries": 2,
    "method": "GET",
    "timeout": 60000,
    "url": "https://registry.npm.taobao.org/@craco/craco/-/craco-6.1.2.tgz"
  },
  "80 debug pnpm:request-retry": {
    "attempt": 2,
    "error": {
      "code": "ERR_PNPM_FETCH_404",
      "hint": "No authorization header was set for the request.",
      "attempts": 2,
      "request": {
        "url": "https://registry.npm.taobao.org/@ant-design/icons/-/icons-4.6.2.tgz"
      },
      "response": {
        "size": 0,
        "timeout": 0
      },
      "resource": "https://registry.npm.taobao.org/@ant-design/icons/-/icons-4.6.2.tgz"
    },
    "maxRetries": 2,
    "method": "GET",
    "timeout": 60000,
    "url": "https://registry.npm.taobao.org/@ant-design/icons/-/icons-4.6.2.tgz"
  },
  "81 debug pnpm:request-retry": {
    "attempt": 2,
    "error": {
      "code": "ERR_PNPM_FETCH_404",
      "hint": "No authorization header was set for the request.",
      "attempts": 2,
      "request": {
        "url": "https://registry.npm.taobao.org/@testing-library/user-event/-/user-event-12.8.3.tgz"
      },
      "response": {
        "size": 0,
        "timeout": 0
      },
      "resource": "https://registry.npm.taobao.org/@testing-library/user-event/-/user-event-12.8.3.tgz"
    },
    "maxRetries": 2,
    "method": "GET",
    "timeout": 60000,
    "url": "https://registry.npm.taobao.org/@testing-library/user-event/-/user-event-12.8.3.tgz"
  },
  "82 debug pnpm:request-retry": {
    "attempt": 2,
    "error": {
      "code": "ERR_PNPM_FETCH_404",
      "hint": "No authorization header was set for the request.",
      "attempts": 2,
      "request": {
        "url": "https://registry.npm.taobao.org/@testing-library/jest-dom/-/jest-dom-5.13.0.tgz"
      },
      "response": {
        "size": 0,
        "timeout": 0
      },
      "resource": "https://registry.npm.taobao.org/@testing-library/jest-dom/-/jest-dom-5.13.0.tgz"
    },
    "maxRetries": 2,
    "method": "GET",
    "timeout": 60000,
    "url": "https://registry.npm.taobao.org/@testing-library/jest-dom/-/jest-dom-5.13.0.tgz"
  },
  "83 warn pnpm:package-requester": {
    "message": "Fetching registry.npm.taobao.org/@testing-library/react/11.2.7 failed!",
    "prefix": "C:\\Users\\dylan\\Desktop\\my\\react-ams"
  },
  "84 error pnpm": {
    "message": {
      "code": "ERR_PNPM_FETCH_404",
      "hint": "No authorization header was set for the request.",
      "attempts": 3,
      "request": {
        "url": "https://registry.npm.taobao.org/@testing-library/react/-/react-11.2.7.tgz"
      },
      "response": {
        "size": 0,
        "timeout": 0
      },
      "resource": "https://registry.npm.taobao.org/@testing-library/react/-/react-11.2.7.tgz"
    },
    "err": {
      "name": "Error",
      "message": "GET https://registry.npm.taobao.org/@testing-library/react/-/react-11.2.7.tgz: Not Found - 404",
      "code": "ERR_PNPM_FETCH_404",
      "stack": "Error: GET https://registry.npm.taobao.org/@testing-library/react/-/react-11.2.7.tgz: Not Found - 404\n    at fetch (C:\\Users\\dylan\\AppData\\Roaming\\npm\\node_modules\\pnpm\\dist\\pnpm.js:74715:19)\n    at processTicksAndRejections (internal/process/task_queues.js:97:5)\n    at async RetryOperation._fn (C:\\Users\\dylan\\AppData\\Roaming\\npm\\node_modules\\pnpm\\dist\\pnpm.js:74685:21)"
    }
  },
  "85 warn pnpm:package-requester": {
    "message": "Fetching registry.npm.taobao.org/@craco/craco/6.1.2 failed!",
    "prefix": "C:\\Users\\dylan\\Desktop\\my\\react-ams"
  }
}